[0618/222516.765:ERROR:process_info.cc(329)] VirtualQueryEx: Access is denied. (0x5)
[0618/222516.766:ERROR:process_info.cc(556)] ReadMemoryInfo failed
[0618/222516.765:ERROR:process_info.cc(329)] VirtualQueryEx: Access is denied. (0x5)
[0618/222516.766:ERROR:process_info.cc(556)] ReadMemoryInfo failed
[0618/222516.765:ERROR:process_info.cc(98)] ReadProcessMemory UNICODE_STRING: Only part of a ReadProcessMemory or WriteProcessMemory request was completed. (0x12B)
[0618/222516.790:ERROR:process_info.cc(118)] ReadProcessMemory bool __cdecl crashpad::(anonymous namespace)::ReadStruct(HANDLE, crashpad::WinVMAddress, T *) [T = crashpad::process_types::LDR_DATA_TABLE_ENTRY<crashpad::process_types::internal::Traits64>]: Only part of a ReadProcessMemory or WriteProcessMemory request was completed. (0x12B)
[0618/222516.791:ERROR:process_info.cc(329)] VirtualQueryEx: Access is denied. (0x5)
[0618/222516.791:ERROR:process_info.cc(556)] ReadMemoryInfo failed
[0716/223136.775:ERROR:process_reader_win.cc(123)] NtOpenThread: {Access Denied} A process has requested access to an object, but has not been granted those access rights. (0xc0000022)
[0716/223136.775:ERROR:process_reader_win.cc(123)] NtOpenThread: {Access Denied} A process has requested access to an object, but has not been granted those access rights. (0xc0000022)
[0716/223136.775:ERROR:process_reader_win.cc(123)] NtOpenThread: {Access Denied} A process has requested access to an object, but has not been granted those access rights. (0xc0000022)
[0716/223136.775:ERROR:process_reader_win.cc(123)] NtOpenThread: {Access Denied} A process has requested access to an object, but has not been granted those access rights. (0xc0000022)
[0716/223136.775:ERROR:process_reader_win.cc(123)] NtOpenThread: {Access Denied} A process has requested access to an object, but has not been granted those access rights. (0xc0000022)
[0716/223136.775:ERROR:process_reader_win.cc(123)] NtOpenThread: {Access Denied} A process has requested access to an object, but has not been granted those access rights. (0xc0000022)
[0716/223137.001:ERROR:exception_snapshot_win.cc(98)] thread ID 16220 not found in process
[0716/223137.001:ERROR:exception_snapshot_win.cc(98)] thread ID 16576 not found in process
[0716/223137.001:ERROR:exception_snapshot_win.cc(98)] thread ID 13320 not found in process
[0716/223137.001:ERROR:exception_snapshot_win.cc(98)] thread ID 14248 not found in process
[0716/223137.001:ERROR:exception_snapshot_win.cc(98)] thread ID 13868 not found in process
[0716/223137.001:ERROR:exception_snapshot_win.cc(98)] thread ID 4672 not found in process
